{"/home/gabriel_arch/flit/CalculandoInvestimentos/gabrielFuncoes.js": {"path":"/home/gabriel_arch/flit/CalculandoInvestimentos/gabrielFuncoes.js","statementMap":{"0":{"start":{"line":2,"column":30},"end":{"line":2,"column":37}},"1":{"start":{"line":3,"column":22},"end":{"line":3,"column":28}},"2":{"start":{"line":4,"column":21},"end":{"line":4,"column":58}},"3":{"start":{"line":5,"column":4},"end":{"line":5,"column":21}},"4":{"start":{"line":9,"column":30},"end":{"line":9,"column":37}},"5":{"start":{"line":10,"column":22},"end":{"line":10,"column":28}},"6":{"start":{"line":11,"column":19},"end":{"line":11,"column":63}},"7":{"start":{"line":12,"column":4},"end":{"line":12,"column":42}},"8":{"start":{"line":16,"column":34},"end":{"line":16,"column":41}},"9":{"start":{"line":17,"column":29},"end":{"line":17,"column":36}},"10":{"start":{"line":18,"column":21},"end":{"line":18,"column":81}},"11":{"start":{"line":19,"column":42},"end":{"line":19,"column":58}},"12":{"start":{"line":20,"column":4},"end":{"line":20,"column":65}},"13":{"start":{"line":24,"column":21},"end":{"line":24,"column":42}},"14":{"start":{"line":25,"column":4},"end":{"line":25,"column":44}},"15":{"start":{"line":28,"column":0},"end":{"line":28,"column":118}}},"fnMap":{"0":{"name":"calculoJurosSimples","decl":{"start":{"line":1,"column":9},"end":{"line":1,"column":28}},"loc":{"start":{"line":1,"column":38},"end":{"line":6,"column":1}},"line":1},"1":{"name":"calculoJurosCompostos","decl":{"start":{"line":8,"column":9},"end":{"line":8,"column":30}},"loc":{"start":{"line":8,"column":40},"end":{"line":13,"column":1}},"line":8},"2":{"name":"calculoRentabilidadeReal","decl":{"start":{"line":15,"column":9},"end":{"line":15,"column":33}},"loc":{"start":{"line":15,"column":40},"end":{"line":21,"column":1}},"line":15},"3":{"name":"calculoRentabilidadePassada","decl":{"start":{"line":23,"column":9},"end":{"line":23,"column":36}},"loc":{"start":{"line":23,"column":45},"end":{"line":26,"column":1}},"line":23}},"branchMap":{},"s":{"0":1,"1":1,"2":1,"3":1,"4":1,"5":1,"6":1,"7":1,"8":1,"9":1,"10":1,"11":1,"12":1,"13":1,"14":1,"15":1},"f":{"0":1,"1":1,"2":1,"3":1},"b":{},"_coverageSchema":"1a1c01bbd47fc00a2c39e90264f33305004495a9","hash":"55266361504d9336eb900c68ac67b6037ea202a9"}
,"/home/gabriel_arch/flit/CalculandoInvestimentos/marcosFuncoes.js": {"path":"/home/gabriel_arch/flit/CalculandoInvestimentos/marcosFuncoes.js","statementMap":{"0":{"start":{"line":4,"column":24},"end":{"line":4,"column":37}},"1":{"start":{"line":6,"column":21},"end":{"line":6,"column":57}},"2":{"start":{"line":8,"column":4},"end":{"line":8,"column":48}},"3":{"start":{"line":9,"column":4},"end":{"line":9,"column":21}},"4":{"start":{"line":15,"column":24},"end":{"line":15,"column":37}},"5":{"start":{"line":17,"column":21},"end":{"line":17,"column":64}},"6":{"start":{"line":19,"column":4},"end":{"line":19,"column":61}},"7":{"start":{"line":20,"column":4},"end":{"line":20,"column":44}},"8":{"start":{"line":26,"column":31},"end":{"line":26,"column":50}},"9":{"start":{"line":27,"column":26},"end":{"line":27,"column":40}},"10":{"start":{"line":29,"column":21},"end":{"line":29,"column":75}},"11":{"start":{"line":31,"column":4},"end":{"line":31,"column":33}},"12":{"start":{"line":33,"column":4},"end":{"line":33,"column":65}},"13":{"start":{"line":34,"column":4},"end":{"line":34,"column":44}},"14":{"start":{"line":42,"column":21},"end":{"line":42,"column":61}},"15":{"start":{"line":44,"column":4},"end":{"line":44,"column":68}},"16":{"start":{"line":45,"column":4},"end":{"line":45,"column":44}},"17":{"start":{"line":48,"column":0},"end":{"line":48,"column":120}}},"fnMap":{"0":{"name":"CalcularJurosSimples","decl":{"start":{"line":3,"column":9},"end":{"line":3,"column":29}},"loc":{"start":{"line":3,"column":60},"end":{"line":10,"column":1}},"line":3},"1":{"name":"CalcularJurosCompostos","decl":{"start":{"line":14,"column":9},"end":{"line":14,"column":31}},"loc":{"start":{"line":14,"column":62},"end":{"line":21,"column":1}},"line":14},"2":{"name":"CalcularRentabilidadeReal","decl":{"start":{"line":25,"column":9},"end":{"line":25,"column":34}},"loc":{"start":{"line":25,"column":60},"end":{"line":36,"column":1}},"line":25},"3":{"name":"CalcularRentabilidadePassada","decl":{"start":{"line":40,"column":9},"end":{"line":40,"column":37}},"loc":{"start":{"line":40,"column":65},"end":{"line":46,"column":1}},"line":40}},"branchMap":{},"s":{"0":1,"1":1,"2":1,"3":1,"4":1,"5":1,"6":1,"7":1,"8":1,"9":1,"10":1,"11":1,"12":1,"13":1,"14":1,"15":1,"16":1,"17":1},"f":{"0":1,"1":1,"2":1,"3":1},"b":{},"_coverageSchema":"1a1c01bbd47fc00a2c39e90264f33305004495a9","hash":"380c0a415adcceef84411171f3ba2be868e36ba0"}
}
