{"/home/gabriel_arch/flit/CalculandoInvestimentos/gabrielFuncoes.js": {"path":"/home/gabriel_arch/flit/CalculandoInvestimentos/gabrielFuncoes.js","statementMap":{"0":{"start":{"line":2,"column":4},"end":{"line":6,"column":5}},"1":{"start":{"line":3,"column":8},"end":{"line":3,"column":19}},"2":{"start":{"line":5,"column":8},"end":{"line":5,"column":20}},"3":{"start":{"line":10,"column":4},"end":{"line":17,"column":5}},"4":{"start":{"line":11,"column":34},"end":{"line":11,"column":41}},"5":{"start":{"line":12,"column":26},"end":{"line":12,"column":32}},"6":{"start":{"line":13,"column":25},"end":{"line":13,"column":62}},"7":{"start":{"line":14,"column":8},"end":{"line":14,"column":25}},"8":{"start":{"line":16,"column":8},"end":{"line":16,"column":62}},"9":{"start":{"line":21,"column":4},"end":{"line":28,"column":5}},"10":{"start":{"line":22,"column":34},"end":{"line":22,"column":41}},"11":{"start":{"line":23,"column":26},"end":{"line":23,"column":32}},"12":{"start":{"line":24,"column":23},"end":{"line":24,"column":67}},"13":{"start":{"line":25,"column":8},"end":{"line":25,"column":46}},"14":{"start":{"line":27,"column":8},"end":{"line":27,"column":62}},"15":{"start":{"line":32,"column":4},"end":{"line":40,"column":5}},"16":{"start":{"line":33,"column":38},"end":{"line":33,"column":45}},"17":{"start":{"line":34,"column":33},"end":{"line":34,"column":40}},"18":{"start":{"line":35,"column":25},"end":{"line":35,"column":85}},"19":{"start":{"line":36,"column":46},"end":{"line":36,"column":62}},"20":{"start":{"line":37,"column":8},"end":{"line":37,"column":69}},"21":{"start":{"line":39,"column":8},"end":{"line":39,"column":62}},"22":{"start":{"line":44,"column":4},"end":{"line":49,"column":5}},"23":{"start":{"line":45,"column":25},"end":{"line":45,"column":46}},"24":{"start":{"line":46,"column":8},"end":{"line":46,"column":48}},"25":{"start":{"line":48,"column":8},"end":{"line":48,"column":62}},"26":{"start":{"line":52,"column":0},"end":{"line":52,"column":44}},"27":{"start":{"line":53,"column":0},"end":{"line":53,"column":118}}},"fnMap":{"0":{"name":"validacaoPositivoInteiro","decl":{"start":{"line":1,"column":9},"end":{"line":1,"column":33}},"loc":{"start":{"line":1,"column":40},"end":{"line":7,"column":1}},"line":1},"1":{"name":"calculoJurosSimples","decl":{"start":{"line":9,"column":9},"end":{"line":9,"column":28}},"loc":{"start":{"line":9,"column":38},"end":{"line":18,"column":1}},"line":9},"2":{"name":"calculoJurosCompostos","decl":{"start":{"line":20,"column":9},"end":{"line":20,"column":30}},"loc":{"start":{"line":20,"column":40},"end":{"line":29,"column":1}},"line":20},"3":{"name":"calculoRentabilidadeReal","decl":{"start":{"line":31,"column":9},"end":{"line":31,"column":33}},"loc":{"start":{"line":31,"column":40},"end":{"line":41,"column":1}},"line":31},"4":{"name":"calculoRentabilidadePassada","decl":{"start":{"line":43,"column":9},"end":{"line":43,"column":36}},"loc":{"start":{"line":43,"column":45},"end":{"line":50,"column":1}},"line":43}},"branchMap":{"0":{"loc":{"start":{"line":2,"column":4},"end":{"line":6,"column":5}},"type":"if","locations":[{"start":{"line":2,"column":4},"end":{"line":6,"column":5}},{"start":{"line":4,"column":11},"end":{"line":6,"column":5}}],"line":2},"1":{"loc":{"start":{"line":2,"column":8},"end":{"line":2,"column":82}},"type":"binary-expr","locations":[{"start":{"line":2,"column":9},"end":{"line":2,"column":14}},{"start":{"line":2,"column":19},"end":{"line":2,"column":43}},{"start":{"line":2,"column":48},"end":{"line":2,"column":53}},{"start":{"line":2,"column":58},"end":{"line":2,"column":82}}],"line":2},"2":{"loc":{"start":{"line":10,"column":4},"end":{"line":17,"column":5}},"type":"if","locations":[{"start":{"line":10,"column":4},"end":{"line":17,"column":5}},{"start":{"line":15,"column":11},"end":{"line":17,"column":5}}],"line":10},"3":{"loc":{"start":{"line":21,"column":4},"end":{"line":28,"column":5}},"type":"if","locations":[{"start":{"line":21,"column":4},"end":{"line":28,"column":5}},{"start":{"line":26,"column":11},"end":{"line":28,"column":5}}],"line":21},"4":{"loc":{"start":{"line":32,"column":4},"end":{"line":40,"column":5}},"type":"if","locations":[{"start":{"line":32,"column":4},"end":{"line":40,"column":5}},{"start":{"line":38,"column":11},"end":{"line":40,"column":5}}],"line":32},"5":{"loc":{"start":{"line":44,"column":4},"end":{"line":49,"column":5}},"type":"if","locations":[{"start":{"line":44,"column":4},"end":{"line":49,"column":5}},{"start":{"line":47,"column":11},"end":{"line":49,"column":5}}],"line":44}},"s":{"0":5,"1":5,"2":0,"3":2,"4":2,"5":2,"6":2,"7":2,"8":0,"9":1,"10":1,"11":1,"12":1,"13":1,"14":0,"15":1,"16":1,"17":1,"18":1,"19":1,"20":1,"21":0,"22":1,"23":1,"24":1,"25":0,"26":1,"27":1},"f":{"0":5,"1":2,"2":1,"3":1,"4":1},"b":{"0":[5,0],"1":[5,5,5,5],"2":[2,0],"3":[1,0],"4":[1,0],"5":[1,0]},"_coverageSchema":"1a1c01bbd47fc00a2c39e90264f33305004495a9","hash":"9d18b6854b8b19968fded08b9117fbd134f3f340"}
,"/home/gabriel_arch/flit/CalculandoInvestimentos/marcosFuncoes.js": {"path":"/home/gabriel_arch/flit/CalculandoInvestimentos/marcosFuncoes.js","statementMap":{"0":{"start":{"line":4,"column":24},"end":{"line":4,"column":37}},"1":{"start":{"line":6,"column":21},"end":{"line":6,"column":57}},"2":{"start":{"line":8,"column":4},"end":{"line":8,"column":48}},"3":{"start":{"line":9,"column":4},"end":{"line":9,"column":21}},"4":{"start":{"line":15,"column":24},"end":{"line":15,"column":37}},"5":{"start":{"line":17,"column":21},"end":{"line":17,"column":64}},"6":{"start":{"line":19,"column":4},"end":{"line":19,"column":61}},"7":{"start":{"line":20,"column":4},"end":{"line":20,"column":44}},"8":{"start":{"line":26,"column":31},"end":{"line":26,"column":50}},"9":{"start":{"line":27,"column":26},"end":{"line":27,"column":40}},"10":{"start":{"line":29,"column":21},"end":{"line":29,"column":75}},"11":{"start":{"line":31,"column":4},"end":{"line":31,"column":33}},"12":{"start":{"line":33,"column":4},"end":{"line":33,"column":65}},"13":{"start":{"line":34,"column":4},"end":{"line":34,"column":44}},"14":{"start":{"line":42,"column":21},"end":{"line":42,"column":61}},"15":{"start":{"line":44,"column":4},"end":{"line":44,"column":68}},"16":{"start":{"line":45,"column":4},"end":{"line":45,"column":44}},"17":{"start":{"line":48,"column":0},"end":{"line":48,"column":120}}},"fnMap":{"0":{"name":"CalcularJurosSimples","decl":{"start":{"line":3,"column":9},"end":{"line":3,"column":29}},"loc":{"start":{"line":3,"column":60},"end":{"line":10,"column":1}},"line":3},"1":{"name":"CalcularJurosCompostos","decl":{"start":{"line":14,"column":9},"end":{"line":14,"column":31}},"loc":{"start":{"line":14,"column":62},"end":{"line":21,"column":1}},"line":14},"2":{"name":"CalcularRentabilidadeReal","decl":{"start":{"line":25,"column":9},"end":{"line":25,"column":34}},"loc":{"start":{"line":25,"column":60},"end":{"line":36,"column":1}},"line":25},"3":{"name":"CalcularRentabilidadePassada","decl":{"start":{"line":40,"column":9},"end":{"line":40,"column":37}},"loc":{"start":{"line":40,"column":65},"end":{"line":46,"column":1}},"line":40}},"branchMap":{},"s":{"0":1,"1":1,"2":1,"3":1,"4":2,"5":2,"6":2,"7":2,"8":2,"9":2,"10":2,"11":2,"12":2,"13":2,"14":2,"15":2,"16":2,"17":1},"f":{"0":1,"1":2,"2":2,"3":2},"b":{},"_coverageSchema":"1a1c01bbd47fc00a2c39e90264f33305004495a9","hash":"380c0a415adcceef84411171f3ba2be868e36ba0"}
}
