TN:
SF:gabrielFuncoes.js
FN:1,calculoJurosSimples
FN:8,calculoJurosCompostos
FN:15,calculoRentabilidadeReal
FN:23,calculoRentabilidadePassada
FNF:4
FNH:4
FNDA:1,calculoJurosSimples
FNDA:1,calculoJurosCompostos
FNDA:1,calculoRentabilidadeReal
FNDA:1,calculoRentabilidadePassada
DA:2,1
DA:3,1
DA:4,1
DA:5,1
DA:9,1
DA:10,1
DA:11,1
DA:12,1
DA:16,1
DA:17,1
DA:18,1
DA:19,1
DA:20,1
DA:24,1
DA:25,1
DA:28,1
LF:16
LH:16
BRF:0
BRH:0
end_of_record
TN:
SF:marcosFuncoes.js
FN:3,CalcularJurosSimples
FN:14,CalcularJurosCompostos
FN:25,CalcularRentabilidadeReal
FN:40,CalcularRentabilidadePassada
FNF:4
FNH:4
FNDA:1,CalcularJurosSimples
FNDA:1,CalcularJurosCompostos
FNDA:1,CalcularRentabilidadeReal
FNDA:1,CalcularRentabilidadePassada
DA:4,1
DA:6,1
DA:8,1
DA:9,1
DA:15,1
DA:17,1
DA:19,1
DA:20,1
DA:26,1
DA:27,1
DA:29,1
DA:31,1
DA:33,1
DA:34,1
DA:42,1
DA:44,1
DA:45,1
DA:48,1
LF:18
LH:18
BRF:0
BRH:0
end_of_record
