TN:
SF:gabrielFuncoes.js
FN:1,validacaoPositivoInteiro
FN:9,calculoJurosSimples
FN:20,calculoJurosCompostos
FN:31,calculoRentabilidadeReal
FN:43,calculoRentabilidadePassada
FNF:5
FNH:5
FNDA:5,validacaoPositivoInteiro
FNDA:2,calculoJurosSimples
FNDA:1,calculoJurosCompostos
FNDA:1,calculoRentabilidadeReal
FNDA:1,calculoRentabilidadePassada
DA:2,5
DA:3,5
DA:5,0
DA:10,2
DA:11,2
DA:12,2
DA:13,2
DA:14,2
DA:16,0
DA:21,1
DA:22,1
DA:23,1
DA:24,1
DA:25,1
DA:27,0
DA:32,1
DA:33,1
DA:34,1
DA:35,1
DA:36,1
DA:37,1
DA:39,0
DA:44,1
DA:45,1
DA:46,1
DA:48,0
DA:52,1
DA:53,1
LF:28
LH:23
BRDA:2,0,0,5
BRDA:2,0,1,0
BRDA:2,1,0,5
BRDA:2,1,1,5
BRDA:2,1,2,5
BRDA:2,1,3,5
BRDA:10,2,0,2
BRDA:10,2,1,0
BRDA:21,3,0,1
BRDA:21,3,1,0
BRDA:32,4,0,1
BRDA:32,4,1,0
BRDA:44,5,0,1
BRDA:44,5,1,0
BRF:14
BRH:9
end_of_record
TN:
SF:marcosFuncoes.js
FN:3,CalcularJurosSimples
FN:14,CalcularJurosCompostos
FN:25,CalcularRentabilidadeReal
FN:40,CalcularRentabilidadePassada
FNF:4
FNH:4
FNDA:1,CalcularJurosSimples
FNDA:2,CalcularJurosCompostos
FNDA:2,CalcularRentabilidadeReal
FNDA:2,CalcularRentabilidadePassada
DA:4,1
DA:6,1
DA:8,1
DA:9,1
DA:15,2
DA:17,2
DA:19,2
DA:20,2
DA:26,2
DA:27,2
DA:29,2
DA:31,2
DA:33,2
DA:34,2
DA:42,2
DA:44,2
DA:45,2
DA:48,1
LF:18
LH:18
BRF:0
BRH:0
end_of_record
